<?xml version="1.0" encoding="UTF-8"?>
<testng-results ignored="0" total="1" passed="1" failed="0" skipped="0">
  <reporter-output>
  </reporter-output>
  <suite started-at="2021-01-07T01:43:50 IST" name="Suite" finished-at="2021-01-07T01:44:53 IST" duration-ms="62915">
    <groups>
    </groups>
    <test started-at="2021-01-07T01:43:50 IST" name="Test" finished-at="2021-01-07T01:44:53 IST" duration-ms="62915">
      <class name="testcases.LandingPageTest2">
        <test-method is-config="true" signature="initialize()[pri:0, instance:testcases.LandingPageTest2@7b227d8d]" started-at="2021-01-07T01:43:50 IST" name="initialize" finished-at="2021-01-07T01:44:13 IST" duration-ms="23092" status="PASS">
          <reporter-output>
          </reporter-output>
        </test-method> <!-- initialize -->
        <test-method signature="landingPage4()[pri:0, instance:testcases.LandingPageTest2@7b227d8d]" started-at="2021-01-07T01:44:13 IST" name="landingPage4" finished-at="2021-01-07T01:44:53 IST" duration-ms="39711" status="PASS">
          <reporter-output>
          </reporter-output>
        </test-method> <!-- landingPage4 -->
      </class> <!-- testcases.LandingPageTest2 -->
    </test> <!-- Test -->
  </suite> <!-- Suite -->
</testng-results>
