<?xml version="1.0" encoding="UTF-8"?>
<!-- Generated by org.testng.reporters.JUnitXMLReporter -->
<testsuite ignored="3" hostname="Dell_pc" failures="0" tests="1" name="Default test" time="10.334" errors="0" timestamp="2021-01-06T22:08:16 IST">
  <testcase classname="testcases.LandingPageTest" name="landingPage3" time="0.303"/>
  <testcase classname="testcases.LandingPageTest" name="landingPage" time="0.0">
    <ignored/>
  </testcase> <!-- landingPage -->
  <testcase classname="testcases.LandingPageTest" name="landingPage2" time="0.0">
    <ignored/>
  </testcase> <!-- landingPage2 -->
  <testcase classname="testcases.LandingPageTest" name="landingPage4" time="0.0">
    <ignored/>
  </testcase> <!-- landingPage4 -->
</testsuite> <!-- Default test -->
